  main.cpp
  c:\program files (x86)\microsoft directx sdk (june 2010)\include\dinput.h: DIRECTINPUT_VERSION undefined. Defaulting to version 0x0800
d:\githubproject\game\aladdingame\aladdingame\framework\define.h(70): error C2365: 'LEFT': redefinition; previous definition was 'enumerator'
  d:\githubproject\game\aladdingame\aladdingame\framework\define.h(40): note: see declaration of 'LEFT'
d:\githubproject\game\aladdingame\aladdingame\framework\define.h(71): error C2365: 'RIGHT': redefinition; previous definition was 'enumerator'
  d:\githubproject\game\aladdingame\aladdingame\framework\define.h(41): note: see declaration of 'RIGHT'
d:\githubproject\game\aladdingame\aladdingame\framework\define.h(83): error C2365: 'NONE': redefinition; previous definition was 'enumerator'
  d:\githubproject\game\aladdingame\aladdingame\framework\define.h(67): note: see declaration of 'NONE'
d:\githubproject\game\aladdingame\aladdingame\framework\define.h(84): error C2365: 'SWORD': redefinition; previous definition was 'enumerator'
  d:\githubproject\game\aladdingame\aladdingame\framework\define.h(53): note: see declaration of 'SWORD'
d:\githubproject\game\aladdingame\aladdingame\framework\singleton\gamecontroller.h(20): warning C4467: usage of ATL attributes is deprecated
d:\githubproject\game\aladdingame\aladdingame\framework\component\movingcomponent.h(22): error C2061: syntax error: identifier 'PhysicsComponent'
d:\githubproject\game\aladdingame\aladdingame\framework\component\movingcomponent.h(33): error C2143: syntax error: missing ';' before '*'
d:\githubproject\game\aladdingame\aladdingame\framework\component\movingcomponent.h(33): error C4430: missing type specifier - int assumed. Note: C++ does not support default-int
d:\githubproject\game\aladdingame\aladdingame\framework\component\movingcomponent.h(33): error C2238: unexpected token(s) preceding ';'
d:\githubproject\game\aladdingame\aladdingame\framework\component\movingcomponent.h(55): error C2143: syntax error: missing ';' before '*'
d:\githubproject\game\aladdingame\aladdingame\framework\component\movingcomponent.h(55): error C4430: missing type specifier - int assumed. Note: C++ does not support default-int
d:\githubproject\game\aladdingame\aladdingame\framework\component\movingcomponent.h(55): error C2238: unexpected token(s) preceding ';'
d:\githubproject\game\aladdingame\aladdingame\framework\component\animationcomponent.h(40): error C2535: 'void AnimationComponent::setOpacity(float)': member function already defined or declared
  d:\githubproject\game\aladdingame\aladdingame\framework\component\animationcomponent.h(18): note: see declaration of 'AnimationComponent::setOpacity'
d:\githubproject\game\aladdingame\aladdingame\framework\component\animationcomponent.h(41): error C2535: 'float AnimationComponent::getOpacity(void)': member function already defined or declared
  d:\githubproject\game\aladdingame\aladdingame\framework\component\animationcomponent.h(19): note: see declaration of 'AnimationComponent::getOpacity'
  TestScene.cpp
  c:\program files (x86)\microsoft directx sdk (june 2010)\include\dinput.h: DIRECTINPUT_VERSION undefined. Defaulting to version 0x0800
d:\githubproject\game\aladdingame\aladdingame\framework\define.h(70): error C2365: 'LEFT': redefinition; previous definition was 'enumerator'
  d:\githubproject\game\aladdingame\aladdingame\framework\define.h(40): note: see declaration of 'LEFT'
d:\githubproject\game\aladdingame\aladdingame\framework\define.h(71): error C2365: 'RIGHT': redefinition; previous definition was 'enumerator'
  d:\githubproject\game\aladdingame\aladdingame\framework\define.h(41): note: see declaration of 'RIGHT'
d:\githubproject\game\aladdingame\aladdingame\framework\define.h(83): error C2365: 'NONE': redefinition; previous definition was 'enumerator'
  d:\githubproject\game\aladdingame\aladdingame\framework\define.h(67): note: see declaration of 'NONE'
d:\githubproject\game\aladdingame\aladdingame\framework\define.h(84): error C2365: 'SWORD': redefinition; previous definition was 'enumerator'
  d:\githubproject\game\aladdingame\aladdingame\framework\define.h(53): note: see declaration of 'SWORD'
d:\githubproject\game\aladdingame\aladdingame\framework\spritecollection.h(20): error C2061: syntax error: identifier 'eID'
d:\githubproject\game\aladdingame\aladdingame\framework\spritecollection.h(22): error C2061: syntax error: identifier 'eID'
d:\githubproject\game\aladdingame\aladdingame\framework\spritecollection.h(23): error C2061: syntax error: identifier 'eID'
d:\githubproject\game\aladdingame\aladdingame\framework\spritecollection.h(26): error C2061: syntax error: identifier 'eID'
d:\githubproject\game\aladdingame\aladdingame\framework\spritecollection.h(31): error C2061: syntax error: identifier 'eID'
d:\githubproject\game\aladdingame\aladdingame\framework\spritecollection.h(37): error C2065: 'eID': undeclared identifier
d:\githubproject\game\aladdingame\aladdingame\framework\spritecollection.h(37): error C2923: 'std::map': 'eID' is not a valid template type argument for parameter '_Kty'
d:\githubproject\game\aladdingame\aladdingame\framework\spritecollection.h(37): error C3203: 'less': unspecialized class template can't be used as a template argument for template parameter '_Pr', expected a real type
c:\program files (x86)\microsoft visual studio 14.0\vc\include\map(70): error C3203: 'pair': unspecialized class template can't be used as a template argument for template parameter '_Ty', expected a real type
d:\githubproject\game\aladdingame\aladdingame\framework\spritecollection.h(38): error C2065: 'eID': undeclared identifier
d:\githubproject\game\aladdingame\aladdingame\framework\spritecollection.h(38): error C2923: 'std::map': 'eID' is not a valid template type argument for parameter '_Kty'
d:\githubproject\game\aladdingame\aladdingame\framework\spritecollection.h(38): error C3203: 'less': unspecialized class template can't be used as a template argument for template parameter '_Pr', expected a real type
d:\githubproject\game\aladdingame\aladdingame\framework\singleton\soundmanager.h(5): fatal error C1083: Cannot open include file: 'define.h': No such file or directory
  SceneManager.cpp
  c:\program files (x86)\microsoft directx sdk (june 2010)\include\dinput.h: DIRECTINPUT_VERSION undefined. Defaulting to version 0x0800
d:\githubproject\game\aladdingame\aladdingame\framework\define.h(70): error C2365: 'LEFT': redefinition; previous definition was 'enumerator'
  d:\githubproject\game\aladdingame\aladdingame\framework\define.h(40): note: see declaration of 'LEFT'
d:\githubproject\game\aladdingame\aladdingame\framework\define.h(71): error C2365: 'RIGHT': redefinition; previous definition was 'enumerator'
  d:\githubproject\game\aladdingame\aladdingame\framework\define.h(41): note: see declaration of 'RIGHT'
d:\githubproject\game\aladdingame\aladdingame\framework\define.h(83): error C2365: 'NONE': redefinition; previous definition was 'enumerator'
  d:\githubproject\game\aladdingame\aladdingame\framework\define.h(67): note: see declaration of 'NONE'
d:\githubproject\game\aladdingame\aladdingame\framework\define.h(84): error C2365: 'SWORD': redefinition; previous definition was 'enumerator'
  d:\githubproject\game\aladdingame\aladdingame\framework\define.h(53): note: see declaration of 'SWORD'
  Scene.cpp
  c:\program files (x86)\microsoft directx sdk (june 2010)\include\dinput.h: DIRECTINPUT_VERSION undefined. Defaulting to version 0x0800
d:\githubproject\game\aladdingame\aladdingame\framework\define.h(70): error C2365: 'LEFT': redefinition; previous definition was 'enumerator'
  d:\githubproject\game\aladdingame\aladdingame\framework\define.h(40): note: see declaration of 'LEFT'
d:\githubproject\game\aladdingame\aladdingame\framework\define.h(71): error C2365: 'RIGHT': redefinition; previous definition was 'enumerator'
  d:\githubproject\game\aladdingame\aladdingame\framework\define.h(41): note: see declaration of 'RIGHT'
d:\githubproject\game\aladdingame\aladdingame\framework\define.h(83): error C2365: 'NONE': redefinition; previous definition was 'enumerator'
  d:\githubproject\game\aladdingame\aladdingame\framework\define.h(67): note: see declaration of 'NONE'
d:\githubproject\game\aladdingame\aladdingame\framework\define.h(84): error C2365: 'SWORD': redefinition; previous definition was 'enumerator'
  d:\githubproject\game\aladdingame\aladdingame\framework\define.h(53): note: see declaration of 'SWORD'
  Aladdin.cpp
  c:\program files (x86)\microsoft directx sdk (june 2010)\include\dinput.h: DIRECTINPUT_VERSION undefined. Defaulting to version 0x0800
d:\githubproject\game\aladdingame\aladdingame\framework\define.h(70): error C2365: 'LEFT': redefinition; previous definition was 'enumerator'
  d:\githubproject\game\aladdingame\aladdingame\framework\define.h(40): note: see declaration of 'LEFT'
d:\githubproject\game\aladdingame\aladdingame\framework\define.h(71): error C2365: 'RIGHT': redefinition; previous definition was 'enumerator'
  d:\githubproject\game\aladdingame\aladdingame\framework\define.h(41): note: see declaration of 'RIGHT'
d:\githubproject\game\aladdingame\aladdingame\framework\define.h(83): error C2365: 'NONE': redefinition; previous definition was 'enumerator'
  d:\githubproject\game\aladdingame\aladdingame\framework\define.h(67): note: see declaration of 'NONE'
d:\githubproject\game\aladdingame\aladdingame\framework\define.h(84): error C2365: 'SWORD': redefinition; previous definition was 'enumerator'
  d:\githubproject\game\aladdingame\aladdingame\framework\define.h(53): note: see declaration of 'SWORD'
d:\githubproject\game\aladdingame\aladdingame\framework\component\movingcomponent.h(22): error C2061: syntax error: identifier 'PhysicsComponent'
d:\githubproject\game\aladdingame\aladdingame\framework\component\movingcomponent.h(33): error C2143: syntax error: missing ';' before '*'
d:\githubproject\game\aladdingame\aladdingame\framework\component\movingcomponent.h(33): error C4430: missing type specifier - int assumed. Note: C++ does not support default-int
d:\githubproject\game\aladdingame\aladdingame\framework\component\movingcomponent.h(33): error C2238: unexpected token(s) preceding ';'
d:\githubproject\game\aladdingame\aladdingame\framework\component\movingcomponent.h(55): error C2143: syntax error: missing ';' before '*'
d:\githubproject\game\aladdingame\aladdingame\framework\component\movingcomponent.h(55): error C4430: missing type specifier - int assumed. Note: C++ does not support default-int
d:\githubproject\game\aladdingame\aladdingame\framework\component\movingcomponent.h(55): error C2238: unexpected token(s) preceding ';'
d:\githubproject\game\aladdingame\aladdingame\framework\component\animationcomponent.h(40): error C2535: 'void AnimationComponent::setOpacity(float)': member function already defined or declared
  d:\githubproject\game\aladdingame\aladdingame\framework\component\animationcomponent.h(18): note: see declaration of 'AnimationComponent::setOpacity'
d:\githubproject\game\aladdingame\aladdingame\framework\component\animationcomponent.h(41): error C2535: 'float AnimationComponent::getOpacity(void)': member function already defined or declared
  d:\githubproject\game\aladdingame\aladdingame\framework\component\animationcomponent.h(19): note: see declaration of 'AnimationComponent::getOpacity'
d:\githubproject\game\aladdingame\aladdingame\framework\singleton\gamecontroller.h(20): warning C4467: usage of ATL attributes is deprecated
d:\githubproject\game\aladdingame\aladdingame\game\player\aladdin.cpp(6): error C2661: 'Movement::Movement': no overloaded function takes 3 arguments
d:\githubproject\game\aladdingame\aladdingame\game\player\aladdin.cpp(7): error C3536: 'movement': cannot be used before it is initialized
d:\githubproject\game\aladdingame\aladdingame\game\player\aladdin.cpp(7): error C2440: '=': cannot convert from 'int' to 'MovingComponent *'
  d:\githubproject\game\aladdingame\aladdingame\game\player\aladdin.cpp(7): note: Conversion from integral type to pointer type requires reinterpret_cast, C-style cast or function-style cast
d:\githubproject\game\aladdingame\aladdingame\game\player\aladdin.cpp(8): error C2664: 'Gravity::Gravity(Gravity &&)': cannot convert argument 2 from 'int' to 'Movement *'
  d:\githubproject\game\aladdingame\aladdingame\game\player\aladdin.cpp(8): note: Conversion from integral type to pointer type requires reinterpret_cast, C-style cast or function-style cast
d:\githubproject\game\aladdingame\aladdingame\game\player\aladdin.cpp(239): warning C4244: 'argument': conversion from 'int' to 'FLOAT', possible loss of data
d:\githubproject\game\aladdingame\aladdingame\game\player\aladdin.cpp(248): warning C4244: 'argument': conversion from 'int' to 'FLOAT', possible loss of data
  ObjectFactory.cpp
  c:\program files (x86)\microsoft directx sdk (june 2010)\include\dinput.h: DIRECTINPUT_VERSION undefined. Defaulting to version 0x0800
d:\githubproject\game\aladdingame\aladdingame\framework\define.h(70): error C2365: 'LEFT': redefinition; previous definition was 'enumerator'
  d:\githubproject\game\aladdingame\aladdingame\framework\define.h(40): note: see declaration of 'LEFT'
d:\githubproject\game\aladdingame\aladdingame\framework\define.h(71): error C2365: 'RIGHT': redefinition; previous definition was 'enumerator'
  d:\githubproject\game\aladdingame\aladdingame\framework\define.h(41): note: see declaration of 'RIGHT'
d:\githubproject\game\aladdingame\aladdingame\framework\define.h(83): error C2365: 'NONE': redefinition; previous definition was 'enumerator'
  d:\githubproject\game\aladdingame\aladdingame\framework\define.h(67): note: see declaration of 'NONE'
d:\githubproject\game\aladdingame\aladdingame\framework\define.h(84): error C2365: 'SWORD': redefinition; previous definition was 'enumerator'
  d:\githubproject\game\aladdingame\aladdingame\framework\define.h(53): note: see declaration of 'SWORD'
d:\githubproject\game\aladdingame\aladdingame\framework\component\movingcomponent.h(22): error C2061: syntax error: identifier 'PhysicsComponent'
d:\githubproject\game\aladdingame\aladdingame\framework\component\movingcomponent.h(33): error C2143: syntax error: missing ';' before '*'
d:\githubproject\game\aladdingame\aladdingame\framework\component\movingcomponent.h(33): error C4430: missing type specifier - int assumed. Note: C++ does not support default-int
d:\githubproject\game\aladdingame\aladdingame\framework\component\movingcomponent.h(33): error C2238: unexpected token(s) preceding ';'
d:\githubproject\game\aladdingame\aladdingame\framework\component\movingcomponent.h(55): error C2143: syntax error: missing ';' before '*'
d:\githubproject\game\aladdingame\aladdingame\framework\component\movingcomponent.h(55): error C4430: missing type specifier - int assumed. Note: C++ does not support default-int
d:\githubproject\game\aladdingame\aladdingame\framework\component\movingcomponent.h(55): error C2238: unexpected token(s) preceding ';'
d:\githubproject\game\aladdingame\aladdingame\framework\component\animationcomponent.h(40): error C2535: 'void AnimationComponent::setOpacity(float)': member function already defined or declared
  d:\githubproject\game\aladdingame\aladdingame\framework\component\animationcomponent.h(18): note: see declaration of 'AnimationComponent::setOpacity'
d:\githubproject\game\aladdingame\aladdingame\framework\component\animationcomponent.h(41): error C2535: 'float AnimationComponent::getOpacity(void)': member function already defined or declared
  d:\githubproject\game\aladdingame\aladdingame\framework\component\animationcomponent.h(19): note: see declaration of 'AnimationComponent::getOpacity'
d:\githubproject\game\aladdingame\aladdingame\framework\singleton\gamecontroller.h(20): warning C4467: usage of ATL attributes is deprecated
  game.cpp
  c:\program files (x86)\microsoft directx sdk (june 2010)\include\dinput.h: DIRECTINPUT_VERSION undefined. Defaulting to version 0x0800
d:\githubproject\game\aladdingame\aladdingame\framework\define.h(70): error C2365: 'LEFT': redefinition; previous definition was 'enumerator'
  d:\githubproject\game\aladdingame\aladdingame\framework\define.h(40): note: see declaration of 'LEFT'
d:\githubproject\game\aladdingame\aladdingame\framework\define.h(71): error C2365: 'RIGHT': redefinition; previous definition was 'enumerator'
  d:\githubproject\game\aladdingame\aladdingame\framework\define.h(41): note: see declaration of 'RIGHT'
d:\githubproject\game\aladdingame\aladdingame\framework\define.h(83): error C2365: 'NONE': redefinition; previous definition was 'enumerator'
  d:\githubproject\game\aladdingame\aladdingame\framework\define.h(67): note: see declaration of 'NONE'
d:\githubproject\game\aladdingame\aladdingame\framework\define.h(84): error C2365: 'SWORD': redefinition; previous definition was 'enumerator'
  d:\githubproject\game\aladdingame\aladdingame\framework\define.h(53): note: see declaration of 'SWORD'
d:\githubproject\game\aladdingame\aladdingame\framework\singleton\gamecontroller.h(20): warning C4467: usage of ATL attributes is deprecated
d:\githubproject\game\aladdingame\aladdingame\game\game.cpp(83): warning C4244: 'argument': conversion from 'float' to 'DWORD', possible loss of data
  AladdinGame.cpp
  c:\program files (x86)\microsoft directx sdk (june 2010)\include\dinput.h: DIRECTINPUT_VERSION undefined. Defaulting to version 0x0800
d:\githubproject\game\aladdingame\aladdingame\framework\define.h(70): error C2365: 'LEFT': redefinition; previous definition was 'enumerator'
  d:\githubproject\game\aladdingame\aladdingame\framework\define.h(40): note: see declaration of 'LEFT'
d:\githubproject\game\aladdingame\aladdingame\framework\define.h(71): error C2365: 'RIGHT': redefinition; previous definition was 'enumerator'
  d:\githubproject\game\aladdingame\aladdingame\framework\define.h(41): note: see declaration of 'RIGHT'
d:\githubproject\game\aladdingame\aladdingame\framework\define.h(83): error C2365: 'NONE': redefinition; previous definition was 'enumerator'
  d:\githubproject\game\aladdingame\aladdingame\framework\define.h(67): note: see declaration of 'NONE'
d:\githubproject\game\aladdingame\aladdingame\framework\define.h(84): error C2365: 'SWORD': redefinition; previous definition was 'enumerator'
  d:\githubproject\game\aladdingame\aladdingame\framework\define.h(53): note: see declaration of 'SWORD'
d:\githubproject\game\aladdingame\aladdingame\framework\singleton\gamecontroller.h(20): warning C4467: usage of ATL attributes is deprecated
d:\githubproject\game\aladdingame\aladdingame\framework\component\movingcomponent.h(22): error C2061: syntax error: identifier 'PhysicsComponent'
d:\githubproject\game\aladdingame\aladdingame\framework\component\movingcomponent.h(33): error C2143: syntax error: missing ';' before '*'
d:\githubproject\game\aladdingame\aladdingame\framework\component\movingcomponent.h(33): error C4430: missing type specifier - int assumed. Note: C++ does not support default-int
d:\githubproject\game\aladdingame\aladdingame\framework\component\movingcomponent.h(33): error C2238: unexpected token(s) preceding ';'
d:\githubproject\game\aladdingame\aladdingame\framework\component\movingcomponent.h(55): error C2143: syntax error: missing ';' before '*'
d:\githubproject\game\aladdingame\aladdingame\framework\component\movingcomponent.h(55): error C4430: missing type specifier - int assumed. Note: C++ does not support default-int
d:\githubproject\game\aladdingame\aladdingame\framework\component\movingcomponent.h(55): error C2238: unexpected token(s) preceding ';'
d:\githubproject\game\aladdingame\aladdingame\framework\component\animationcomponent.h(40): error C2535: 'void AnimationComponent::setOpacity(float)': member function already defined or declared
  d:\githubproject\game\aladdingame\aladdingame\framework\component\animationcomponent.h(18): note: see declaration of 'AnimationComponent::setOpacity'
d:\githubproject\game\aladdingame\aladdingame\framework\component\animationcomponent.h(41): error C2535: 'float AnimationComponent::getOpacity(void)': member function already defined or declared
  d:\githubproject\game\aladdingame\aladdingame\framework\component\animationcomponent.h(19): note: see declaration of 'AnimationComponent::getOpacity'
d:\githubproject\game\aladdingame\aladdingame\framework\spritecollection.h(20): error C2061: syntax error: identifier 'eID'
d:\githubproject\game\aladdingame\aladdingame\framework\spritecollection.h(22): error C2061: syntax error: identifier 'eID'
d:\githubproject\game\aladdingame\aladdingame\framework\spritecollection.h(23): error C2061: syntax error: identifier 'eID'
d:\githubproject\game\aladdingame\aladdingame\framework\spritecollection.h(26): error C2061: syntax error: identifier 'eID'
d:\githubproject\game\aladdingame\aladdingame\framework\spritecollection.h(31): error C2061: syntax error: identifier 'eID'
d:\githubproject\game\aladdingame\aladdingame\framework\spritecollection.h(37): error C2065: 'eID': undeclared identifier
d:\githubproject\game\aladdingame\aladdingame\framework\spritecollection.h(37): error C2923: 'std::map': 'eID' is not a valid template type argument for parameter '_Kty'
d:\githubproject\game\aladdingame\aladdingame\framework\spritecollection.h(37): error C3203: 'less': unspecialized class template can't be used as a template argument for template parameter '_Pr', expected a real type
c:\program files (x86)\microsoft visual studio 14.0\vc\include\map(70): error C3203: 'pair': unspecialized class template can't be used as a template argument for template parameter '_Ty', expected a real type
d:\githubproject\game\aladdingame\aladdingame\framework\spritecollection.h(38): error C2065: 'eID': undeclared identifier
d:\githubproject\game\aladdingame\aladdingame\framework\spritecollection.h(38): error C2923: 'std::map': 'eID' is not a valid template type argument for parameter '_Kty'
d:\githubproject\game\aladdingame\aladdingame\framework\spritecollection.h(38): error C3203: 'less': unspecialized class template can't be used as a template argument for template parameter '_Pr', expected a real type
d:\githubproject\game\aladdingame\aladdingame\framework\singleton\soundmanager.h(5): fatal error C1083: Cannot open include file: 'define.h': No such file or directory
  viewport.cpp
  c:\program files (x86)\microsoft directx sdk (june 2010)\include\dinput.h: DIRECTINPUT_VERSION undefined. Defaulting to version 0x0800
d:\githubproject\game\aladdingame\aladdingame\framework\define.h(70): error C2365: 'LEFT': redefinition; previous definition was 'enumerator'
  d:\githubproject\game\aladdingame\aladdingame\framework\define.h(40): note: see declaration of 'LEFT'
d:\githubproject\game\aladdingame\aladdingame\framework\define.h(71): error C2365: 'RIGHT': redefinition; previous definition was 'enumerator'
  d:\githubproject\game\aladdingame\aladdingame\framework\define.h(41): note: see declaration of 'RIGHT'
d:\githubproject\game\aladdingame\aladdingame\framework\define.h(83): error C2365: 'NONE': redefinition; previous definition was 'enumerator'
  d:\githubproject\game\aladdingame\aladdingame\framework\define.h(67): note: see declaration of 'NONE'
d:\githubproject\game\aladdingame\aladdingame\framework\define.h(84): error C2365: 'SWORD': redefinition; previous definition was 'enumerator'
  d:\githubproject\game\aladdingame\aladdingame\framework\define.h(53): note: see declaration of 'SWORD'
d:\githubproject\game\aladdingame\aladdingame\framework\viewport.cpp(68): warning C4244: '=': conversion from 'FLOAT' to 'LONG', possible loss of data
d:\githubproject\game\aladdingame\aladdingame\framework\viewport.cpp(69): warning C4244: '=': conversion from 'FLOAT' to 'LONG', possible loss of data
d:\githubproject\game\aladdingame\aladdingame\framework\viewport.cpp(70): warning C4244: '=': conversion from 'float' to 'LONG', possible loss of data
d:\githubproject\game\aladdingame\aladdingame\framework\viewport.cpp(71): warning C4244: '=': conversion from 'float' to 'LONG', possible loss of data
  transform.cpp
  c:\program files (x86)\microsoft directx sdk (june 2010)\include\dinput.h: DIRECTINPUT_VERSION undefined. Defaulting to version 0x0800
d:\githubproject\game\aladdingame\aladdingame\framework\define.h(70): error C2365: 'LEFT': redefinition; previous definition was 'enumerator'
  d:\githubproject\game\aladdingame\aladdingame\framework\define.h(40): note: see declaration of 'LEFT'
d:\githubproject\game\aladdingame\aladdingame\framework\define.h(71): error C2365: 'RIGHT': redefinition; previous definition was 'enumerator'
  d:\githubproject\game\aladdingame\aladdingame\framework\define.h(41): note: see declaration of 'RIGHT'
d:\githubproject\game\aladdingame\aladdingame\framework\define.h(83): error C2365: 'NONE': redefinition; previous definition was 'enumerator'
  d:\githubproject\game\aladdingame\aladdingame\framework\define.h(67): note: see declaration of 'NONE'
d:\githubproject\game\aladdingame\aladdingame\framework\define.h(84): error C2365: 'SWORD': redefinition; previous definition was 'enumerator'
  d:\githubproject\game\aladdingame\aladdingame\framework\define.h(53): note: see declaration of 'SWORD'
  timespan.cpp
  c:\program files (x86)\microsoft directx sdk (june 2010)\include\dinput.h: DIRECTINPUT_VERSION undefined. Defaulting to version 0x0800
d:\githubproject\game\aladdingame\aladdingame\framework\define.h(70): error C2365: 'LEFT': redefinition; previous definition was 'enumerator'
  d:\githubproject\game\aladdingame\aladdingame\framework\define.h(40): note: see declaration of 'LEFT'
d:\githubproject\game\aladdingame\aladdingame\framework\define.h(71): error C2365: 'RIGHT': redefinition; previous definition was 'enumerator'
  d:\githubproject\game\aladdingame\aladdingame\framework\define.h(41): note: see declaration of 'RIGHT'
d:\githubproject\game\aladdingame\aladdingame\framework\define.h(83): error C2365: 'NONE': redefinition; previous definition was 'enumerator'
  d:\githubproject\game\aladdingame\aladdingame\framework\define.h(67): note: see declaration of 'NONE'
d:\githubproject\game\aladdingame\aladdingame\framework\define.h(84): error C2365: 'SWORD': redefinition; previous definition was 'enumerator'
  d:\githubproject\game\aladdingame\aladdingame\framework\define.h(53): note: see declaration of 'SWORD'
  texture.cpp
  c:\program files (x86)\microsoft directx sdk (june 2010)\include\dinput.h: DIRECTINPUT_VERSION undefined. Defaulting to version 0x0800
d:\githubproject\game\aladdingame\aladdingame\framework\define.h(70): error C2365: 'LEFT': redefinition; previous definition was 'enumerator'
  d:\githubproject\game\aladdingame\aladdingame\framework\define.h(40): note: see declaration of 'LEFT'
d:\githubproject\game\aladdingame\aladdingame\framework\define.h(71): error C2365: 'RIGHT': redefinition; previous definition was 'enumerator'
  d:\githubproject\game\aladdingame\aladdingame\framework\define.h(41): note: see declaration of 'RIGHT'
d:\githubproject\game\aladdingame\aladdingame\framework\define.h(83): error C2365: 'NONE': redefinition; previous definition was 'enumerator'
  d:\githubproject\game\aladdingame\aladdingame\framework\define.h(67): note: see declaration of 'NONE'
d:\githubproject\game\aladdingame\aladdingame\framework\define.h(84): error C2365: 'SWORD': redefinition; previous definition was 'enumerator'
  d:\githubproject\game\aladdingame\aladdingame\framework\define.h(53): note: see declaration of 'SWORD'
d:\githubproject\game\aladdingame\aladdingame\framework\texture.cpp(111): warning C4244: 'argument': conversion from 'int' to 'FLOAT', possible loss of data
  sprite.cpp
  c:\program files (x86)\microsoft directx sdk (june 2010)\include\dinput.h: DIRECTINPUT_VERSION undefined. Defaulting to version 0x0800
d:\githubproject\game\aladdingame\aladdingame\framework\define.h(70): error C2365: 'LEFT': redefinition; previous definition was 'enumerator'
  d:\githubproject\game\aladdingame\aladdingame\framework\define.h(40): note: see declaration of 'LEFT'
d:\githubproject\game\aladdingame\aladdingame\framework\define.h(71): error C2365: 'RIGHT': redefinition; previous definition was 'enumerator'
  d:\githubproject\game\aladdingame\aladdingame\framework\define.h(41): note: see declaration of 'RIGHT'
d:\githubproject\game\aladdingame\aladdingame\framework\define.h(83): error C2365: 'NONE': redefinition; previous definition was 'enumerator'
  d:\githubproject\game\aladdingame\aladdingame\framework\define.h(67): note: see declaration of 'NONE'
d:\githubproject\game\aladdingame\aladdingame\framework\define.h(84): error C2365: 'SWORD': redefinition; previous definition was 'enumerator'
  d:\githubproject\game\aladdingame\aladdingame\framework\define.h(53): note: see declaration of 'SWORD'
d:\githubproject\game\aladdingame\aladdingame\framework\sprite.cpp(58): warning C4244: 'argument': conversion from 'int' to 'FLOAT', possible loss of data
d:\githubproject\game\aladdingame\aladdingame\framework\sprite.cpp(220): warning C4244: '=': conversion from 'float' to 'LONG', possible loss of data
d:\githubproject\game\aladdingame\aladdingame\framework\sprite.cpp(221): warning C4244: '=': conversion from 'float' to 'LONG', possible loss of data
d:\githubproject\game\aladdingame\aladdingame\framework\sprite.cpp(222): warning C4244: '=': conversion from 'float' to 'LONG', possible loss of data
d:\githubproject\game\aladdingame\aladdingame\framework\sprite.cpp(223): warning C4244: '=': conversion from 'float' to 'LONG', possible loss of data
d:\githubproject\game\aladdingame\aladdingame\framework\sprite.cpp(233): warning C4244: '=': conversion from 'float' to 'LONG', possible loss of data
d:\githubproject\game\aladdingame\aladdingame\framework\sprite.cpp(234): warning C4244: '=': conversion from 'float' to 'LONG', possible loss of data
d:\githubproject\game\aladdingame\aladdingame\framework\sprite.cpp(235): warning C4244: '=': conversion from 'float' to 'LONG', possible loss of data
d:\githubproject\game\aladdingame\aladdingame\framework\sprite.cpp(236): warning C4244: '=': conversion from 'float' to 'LONG', possible loss of data
d:\githubproject\game\aladdingame\aladdingame\framework\sprite.cpp(278): warning C4244: 'return': conversion from 'float' to 'int', possible loss of data
d:\githubproject\game\aladdingame\aladdingame\framework\sprite.cpp(283): warning C4244: 'return': conversion from 'float' to 'int', possible loss of data
d:\githubproject\game\aladdingame\aladdingame\framework\sprite.cpp(288): warning C4244: 'return': conversion from 'float' to 'int', possible loss of data
d:\githubproject\game\aladdingame\aladdingame\framework\sprite.cpp(293): warning C4244: 'return': conversion from 'float' to 'int', possible loss of data
d:\githubproject\game\aladdingame\aladdingame\framework\sprite.cpp(340): warning C4244: '=': conversion from 'int' to 'FLOAT', possible loss of data
d:\githubproject\game\aladdingame\aladdingame\framework\sprite.cpp(341): warning C4244: '=': conversion from 'int' to 'FLOAT', possible loss of data
d:\githubproject\game\aladdingame\aladdingame\framework\sprite.cpp(351): warning C4244: '=': conversion from 'FLOAT' to 'LONG', possible loss of data
d:\githubproject\game\aladdingame\aladdingame\framework\sprite.cpp(352): warning C4244: '=': conversion from 'FLOAT' to 'LONG', possible loss of data
d:\githubproject\game\aladdingame\aladdingame\framework\sprite.cpp(353): warning C4244: '=': conversion from 'float' to 'LONG', possible loss of data
d:\githubproject\game\aladdingame\aladdingame\framework\sprite.cpp(354): warning C4244: '=': conversion from 'float' to 'LONG', possible loss of data
d:\githubproject\game\aladdingame\aladdingame\framework\sprite.cpp(357): warning C4244: 'argument': conversion from 'LONG' to 'FLOAT', possible loss of data
d:\githubproject\game\aladdingame\aladdingame\framework\sprite.cpp(358): warning C4244: 'argument': conversion from 'LONG' to 'FLOAT', possible loss of data
d:\githubproject\game\aladdingame\aladdingame\framework\sprite.cpp(359): warning C4244: 'argument': conversion from 'LONG' to 'FLOAT', possible loss of data
d:\githubproject\game\aladdingame\aladdingame\framework\sprite.cpp(360): warning C4244: 'argument': conversion from 'LONG' to 'FLOAT', possible loss of data
d:\githubproject\game\aladdingame\aladdingame\framework\sprite.cpp(369): warning C4244: '=': conversion from 'FLOAT' to 'LONG', possible loss of data
d:\githubproject\game\aladdingame\aladdingame\framework\sprite.cpp(370): warning C4244: '=': conversion from 'FLOAT' to 'LONG', possible loss of data
d:\githubproject\game\aladdingame\aladdingame\framework\sprite.cpp(371): warning C4244: '=': conversion from 'FLOAT' to 'LONG', possible loss of data
d:\githubproject\game\aladdingame\aladdingame\framework\sprite.cpp(372): warning C4244: '=': conversion from 'FLOAT' to 'LONG', possible loss of data
d:\githubproject\game\aladdingame\aladdingame\framework\sprite.cpp(388): warning C4244: 'initializing': conversion from 'double' to 'float', possible loss of data
  windowGUI.cpp
  c:\program files (x86)\microsoft directx sdk (june 2010)\include\dinput.h: DIRECTINPUT_VERSION undefined. Defaulting to version 0x0800
d:\githubproject\game\aladdingame\aladdingame\framework\define.h(70): error C2365: 'LEFT': redefinition; previous definition was 'enumerator'
  d:\githubproject\game\aladdingame\aladdingame\framework\define.h(40): note: see declaration of 'LEFT'
d:\githubproject\game\aladdingame\aladdingame\framework\define.h(71): error C2365: 'RIGHT': redefinition; previous definition was 'enumerator'
  d:\githubproject\game\aladdingame\aladdingame\framework\define.h(41): note: see declaration of 'RIGHT'
d:\githubproject\game\aladdingame\aladdingame\framework\define.h(83): error C2365: 'NONE': redefinition; previous definition was 'enumerator'
  d:\githubproject\game\aladdingame\aladdingame\framework\define.h(67): note: see declaration of 'NONE'
d:\githubproject\game\aladdingame\aladdingame\framework\define.h(84): error C2365: 'SWORD': redefinition; previous definition was 'enumerator'
  d:\githubproject\game\aladdingame\aladdingame\framework\define.h(53): note: see declaration of 'SWORD'
  spriteresource.cpp
  c:\program files (x86)\microsoft directx sdk (june 2010)\include\dinput.h: DIRECTINPUT_VERSION undefined. Defaulting to version 0x0800
d:\githubproject\game\aladdingame\aladdingame\framework\define.h(70): error C2365: 'LEFT': redefinition; previous definition was 'enumerator'
  d:\githubproject\game\aladdingame\aladdingame\framework\define.h(40): note: see declaration of 'LEFT'
d:\githubproject\game\aladdingame\aladdingame\framework\define.h(71): error C2365: 'RIGHT': redefinition; previous definition was 'enumerator'
  d:\githubproject\game\aladdingame\aladdingame\framework\define.h(41): note: see declaration of 'RIGHT'
d:\githubproject\game\aladdingame\aladdingame\framework\define.h(83): error C2365: 'NONE': redefinition; previous definition was 'enumerator'
  d:\githubproject\game\aladdingame\aladdingame\framework\define.h(67): note: see declaration of 'NONE'
d:\githubproject\game\aladdingame\aladdingame\framework\define.h(84): error C2365: 'SWORD': redefinition; previous definition was 'enumerator'
  d:\githubproject\game\aladdingame\aladdingame\framework\define.h(53): note: see declaration of 'SWORD'
d:\githubproject\game\aladdingame\aladdingame\framework\singleton\spriteresource.cpp(56): warning C4996: 'fopen': This function or variable may be unsafe. Consider using fopen_s instead. To disable deprecation, use _CRT_SECURE_NO_WARNINGS. See online help for details.
  c:\program files (x86)\windows kits\10\include\10.0.10240.0\ucrt\stdio.h(205): note: see declaration of 'fopen'
d:\githubproject\game\aladdingame\aladdingame\framework\singleton\spriteresource.cpp(66): warning C4996: 'fscanf': This function or variable may be unsafe. Consider using fscanf_s instead. To disable deprecation, use _CRT_SECURE_NO_WARNINGS. See online help for details.
  c:\program files (x86)\windows kits\10\include\10.0.10240.0\ucrt\stdio.h(1193): note: see declaration of 'fscanf'
  SoundManager.cpp
d:\githubproject\game\aladdingame\aladdingame\framework\singleton\soundmanager.h(5): fatal error C1083: Cannot open include file: 'define.h': No such file or directory
  gametime.cpp
  c:\program files (x86)\microsoft directx sdk (june 2010)\include\dinput.h: DIRECTINPUT_VERSION undefined. Defaulting to version 0x0800
d:\githubproject\game\aladdingame\aladdingame\framework\define.h(70): error C2365: 'LEFT': redefinition; previous definition was 'enumerator'
  d:\githubproject\game\aladdingame\aladdingame\framework\define.h(40): note: see declaration of 'LEFT'
d:\githubproject\game\aladdingame\aladdingame\framework\define.h(71): error C2365: 'RIGHT': redefinition; previous definition was 'enumerator'
  d:\githubproject\game\aladdingame\aladdingame\framework\define.h(41): note: see declaration of 'RIGHT'
d:\githubproject\game\aladdingame\aladdingame\framework\define.h(83): error C2365: 'NONE': redefinition; previous definition was 'enumerator'
  d:\githubproject\game\aladdingame\aladdingame\framework\define.h(67): note: see declaration of 'NONE'
d:\githubproject\game\aladdingame\aladdingame\framework\define.h(84): error C2365: 'SWORD': redefinition; previous definition was 'enumerator'
  d:\githubproject\game\aladdingame\aladdingame\framework\define.h(53): note: see declaration of 'SWORD'
d:\githubproject\game\aladdingame\aladdingame\framework\singleton\gametime.cpp(62): warning C4244: 'argument': conversion from 'float' to 'UINT64', possible loss of data
  gamecontroller.cpp
  c:\program files (x86)\microsoft directx sdk (june 2010)\include\dinput.h: DIRECTINPUT_VERSION undefined. Defaulting to version 0x0800
d:\githubproject\game\aladdingame\aladdingame\framework\define.h(70): error C2365: 'LEFT': redefinition; previous definition was 'enumerator'
  d:\githubproject\game\aladdingame\aladdingame\framework\define.h(40): note: see declaration of 'LEFT'
d:\githubproject\game\aladdingame\aladdingame\framework\define.h(71): error C2365: 'RIGHT': redefinition; previous definition was 'enumerator'
  d:\githubproject\game\aladdingame\aladdingame\framework\define.h(41): note: see declaration of 'RIGHT'
d:\githubproject\game\aladdingame\aladdingame\framework\define.h(83): error C2365: 'NONE': redefinition; previous definition was 'enumerator'
  d:\githubproject\game\aladdingame\aladdingame\framework\define.h(67): note: see declaration of 'NONE'
d:\githubproject\game\aladdingame\aladdingame\framework\define.h(84): error C2365: 'SWORD': redefinition; previous definition was 'enumerator'
  d:\githubproject\game\aladdingame\aladdingame\framework\define.h(53): note: see declaration of 'SWORD'
d:\githubproject\game\aladdingame\aladdingame\framework\singleton\gamecontroller.h(20): warning C4467: usage of ATL attributes is deprecated
  dxdevice.cpp
  c:\program files (x86)\microsoft directx sdk (june 2010)\include\dinput.h: DIRECTINPUT_VERSION undefined. Defaulting to version 0x0800
d:\githubproject\game\aladdingame\aladdingame\framework\define.h(70): error C2365: 'LEFT': redefinition; previous definition was 'enumerator'
  d:\githubproject\game\aladdingame\aladdingame\framework\define.h(40): note: see declaration of 'LEFT'
d:\githubproject\game\aladdingame\aladdingame\framework\define.h(71): error C2365: 'RIGHT': redefinition; previous definition was 'enumerator'
  d:\githubproject\game\aladdingame\aladdingame\framework\define.h(41): note: see declaration of 'RIGHT'
d:\githubproject\game\aladdingame\aladdingame\framework\define.h(83): error C2365: 'NONE': redefinition; previous definition was 'enumerator'
  d:\githubproject\game\aladdingame\aladdingame\framework\define.h(67): note: see declaration of 'NONE'
d:\githubproject\game\aladdingame\aladdingame\framework\define.h(84): error C2365: 'SWORD': redefinition; previous definition was 'enumerator'
  d:\githubproject\game\aladdingame\aladdingame\framework\define.h(53): note: see declaration of 'SWORD'
  GameObject.cpp
  c:\program files (x86)\microsoft directx sdk (june 2010)\include\dinput.h: DIRECTINPUT_VERSION undefined. Defaulting to version 0x0800
d:\githubproject\game\aladdingame\aladdingame\framework\define.h(70): error C2365: 'LEFT': redefinition; previous definition was 'enumerator'
  d:\githubproject\game\aladdingame\aladdingame\framework\define.h(40): note: see declaration of 'LEFT'
d:\githubproject\game\aladdingame\aladdingame\framework\define.h(71): error C2365: 'RIGHT': redefinition; previous definition was 'enumerator'
  d:\githubproject\game\aladdingame\aladdingame\framework\define.h(41): note: see declaration of 'RIGHT'
d:\githubproject\game\aladdingame\aladdingame\framework\define.h(83): error C2365: 'NONE': redefinition; previous definition was 'enumerator'
  d:\githubproject\game\aladdingame\aladdingame\framework\define.h(67): note: see declaration of 'NONE'
d:\githubproject\game\aladdingame\aladdingame\framework\define.h(84): error C2365: 'SWORD': redefinition; previous definition was 'enumerator'
  d:\githubproject\game\aladdingame\aladdingame\framework\define.h(53): note: see declaration of 'SWORD'
d:\githubproject\game\aladdingame\aladdingame\framework\component\movingcomponent.h(22): error C2061: syntax error: identifier 'PhysicsComponent'
d:\githubproject\game\aladdingame\aladdingame\framework\component\movingcomponent.h(33): error C2143: syntax error: missing ';' before '*'
d:\githubproject\game\aladdingame\aladdingame\framework\component\movingcomponent.h(33): error C4430: missing type specifier - int assumed. Note: C++ does not support default-int
d:\githubproject\game\aladdingame\aladdingame\framework\component\movingcomponent.h(33): error C2238: unexpected token(s) preceding ';'
d:\githubproject\game\aladdingame\aladdingame\framework\component\movingcomponent.h(55): error C2143: syntax error: missing ';' before '*'
d:\githubproject\game\aladdingame\aladdingame\framework\component\movingcomponent.h(55): error C4430: missing type specifier - int assumed. Note: C++ does not support default-int
d:\githubproject\game\aladdingame\aladdingame\framework\component\movingcomponent.h(55): error C2238: unexpected token(s) preceding ';'
d:\githubproject\game\aladdingame\aladdingame\framework\component\animationcomponent.h(40): error C2535: 'void AnimationComponent::setOpacity(float)': member function already defined or declared
  d:\githubproject\game\aladdingame\aladdingame\framework\component\animationcomponent.h(18): note: see declaration of 'AnimationComponent::setOpacity'
d:\githubproject\game\aladdingame\aladdingame\framework\component\animationcomponent.h(41): error C2535: 'float AnimationComponent::getOpacity(void)': member function already defined or declared
  d:\githubproject\game\aladdingame\aladdingame\framework\component\animationcomponent.h(19): note: see declaration of 'AnimationComponent::getOpacity'
d:\githubproject\game\aladdingame\aladdingame\framework\singleton\gamecontroller.h(20): warning C4467: usage of ATL attributes is deprecated
  Generating Code...
  Compiling...
  PhysicsComponent.cpp
  c:\program files (x86)\microsoft directx sdk (june 2010)\include\dinput.h: DIRECTINPUT_VERSION undefined. Defaulting to version 0x0800
d:\githubproject\game\aladdingame\aladdingame\framework\define.h(70): error C2365: 'LEFT': redefinition; previous definition was 'enumerator'
  d:\githubproject\game\aladdingame\aladdingame\framework\define.h(40): note: see declaration of 'LEFT'
d:\githubproject\game\aladdingame\aladdingame\framework\define.h(71): error C2365: 'RIGHT': redefinition; previous definition was 'enumerator'
  d:\githubproject\game\aladdingame\aladdingame\framework\define.h(41): note: see declaration of 'RIGHT'
d:\githubproject\game\aladdingame\aladdingame\framework\define.h(83): error C2365: 'NONE': redefinition; previous definition was 'enumerator'
  d:\githubproject\game\aladdingame\aladdingame\framework\define.h(67): note: see declaration of 'NONE'
d:\githubproject\game\aladdingame\aladdingame\framework\define.h(84): error C2365: 'SWORD': redefinition; previous definition was 'enumerator'
  d:\githubproject\game\aladdingame\aladdingame\framework\define.h(53): note: see declaration of 'SWORD'
d:\githubproject\game\aladdingame\aladdingame\framework\component\movingcomponent.h(22): error C2061: syntax error: identifier 'PhysicsComponent'
d:\githubproject\game\aladdingame\aladdingame\framework\component\movingcomponent.h(33): error C2143: syntax error: missing ';' before '*'
d:\githubproject\game\aladdingame\aladdingame\framework\component\movingcomponent.h(33): error C4430: missing type specifier - int assumed. Note: C++ does not support default-int
d:\githubproject\game\aladdingame\aladdingame\framework\component\movingcomponent.h(33): error C2238: unexpected token(s) preceding ';'
d:\githubproject\game\aladdingame\aladdingame\framework\component\movingcomponent.h(55): error C2143: syntax error: missing ';' before '*'
d:\githubproject\game\aladdingame\aladdingame\framework\component\movingcomponent.h(55): error C4430: missing type specifier - int assumed. Note: C++ does not support default-int
d:\githubproject\game\aladdingame\aladdingame\framework\component\movingcomponent.h(55): error C2238: unexpected token(s) preceding ';'
  MovingComponent.cpp
  c:\program files (x86)\microsoft directx sdk (june 2010)\include\dinput.h: DIRECTINPUT_VERSION undefined. Defaulting to version 0x0800
d:\githubproject\game\aladdingame\aladdingame\framework\define.h(70): error C2365: 'LEFT': redefinition; previous definition was 'enumerator'
  d:\githubproject\game\aladdingame\aladdingame\framework\define.h(40): note: see declaration of 'LEFT'
d:\githubproject\game\aladdingame\aladdingame\framework\define.h(71): error C2365: 'RIGHT': redefinition; previous definition was 'enumerator'
  d:\githubproject\game\aladdingame\aladdingame\framework\define.h(41): note: see declaration of 'RIGHT'
d:\githubproject\game\aladdingame\aladdingame\framework\define.h(83): error C2365: 'NONE': redefinition; previous definition was 'enumerator'
  d:\githubproject\game\aladdingame\aladdingame\framework\define.h(67): note: see declaration of 'NONE'
d:\githubproject\game\aladdingame\aladdingame\framework\define.h(84): error C2365: 'SWORD': redefinition; previous definition was 'enumerator'
  d:\githubproject\game\aladdingame\aladdingame\framework\define.h(53): note: see declaration of 'SWORD'
d:\githubproject\game\aladdingame\aladdingame\framework\component\physicscomponent.h(27): error C2061: syntax error: identifier 'MovingComponent'
d:\githubproject\game\aladdingame\aladdingame\framework\component\physicscomponent.h(28): error C2061: syntax error: identifier 'MovingComponent'
d:\githubproject\game\aladdingame\aladdingame\framework\component\physicscomponent.h(29): error C2143: syntax error: missing ';' before '*'
d:\githubproject\game\aladdingame\aladdingame\framework\component\physicscomponent.h(29): error C2433: 'PhysicsComponent::MovingComponent': 'virtual' not permitted on data declarations
d:\githubproject\game\aladdingame\aladdingame\framework\component\physicscomponent.h(29): error C4430: missing type specifier - int assumed. Note: C++ does not support default-int
d:\githubproject\game\aladdingame\aladdingame\framework\component\physicscomponent.h(29): error C2238: unexpected token(s) preceding ';'
d:\githubproject\game\aladdingame\aladdingame\framework\component\physicscomponent.h(44): error C2065: 'MovingComponent': undeclared identifier
d:\githubproject\game\aladdingame\aladdingame\framework\component\physicscomponent.h(44): error C2059: syntax error: '>'
d:\githubproject\game\aladdingame\aladdingame\framework\component\physicscomponent.h(44): error C2976: 'std::map': too few template arguments
  c:\program files (x86)\microsoft visual studio 14.0\vc\include\map(72): note: see declaration of 'std::map'
  BehaviorComponent.cpp
  c:\program files (x86)\microsoft directx sdk (june 2010)\include\dinput.h: DIRECTINPUT_VERSION undefined. Defaulting to version 0x0800
d:\githubproject\game\aladdingame\aladdingame\framework\define.h(70): error C2365: 'LEFT': redefinition; previous definition was 'enumerator'
  d:\githubproject\game\aladdingame\aladdingame\framework\define.h(40): note: see declaration of 'LEFT'
d:\githubproject\game\aladdingame\aladdingame\framework\define.h(71): error C2365: 'RIGHT': redefinition; previous definition was 'enumerator'
  d:\githubproject\game\aladdingame\aladdingame\framework\define.h(41): note: see declaration of 'RIGHT'
d:\githubproject\game\aladdingame\aladdingame\framework\define.h(83): error C2365: 'NONE': redefinition; previous definition was 'enumerator'
  d:\githubproject\game\aladdingame\aladdingame\framework\define.h(67): note: see declaration of 'NONE'
d:\githubproject\game\aladdingame\aladdingame\framework\define.h(84): error C2365: 'SWORD': redefinition; previous definition was 'enumerator'
  d:\githubproject\game\aladdingame\aladdingame\framework\define.h(53): note: see declaration of 'SWORD'
d:\githubproject\game\aladdingame\aladdingame\framework\component\movingcomponent.h(22): error C2061: syntax error: identifier 'PhysicsComponent'
d:\githubproject\game\aladdingame\aladdingame\framework\component\movingcomponent.h(33): error C2143: syntax error: missing ';' before '*'
d:\githubproject\game\aladdingame\aladdingame\framework\component\movingcomponent.h(33): error C4430: missing type specifier - int assumed. Note: C++ does not support default-int
d:\githubproject\game\aladdingame\aladdingame\framework\component\movingcomponent.h(33): error C2238: unexpected token(s) preceding ';'
d:\githubproject\game\aladdingame\aladdingame\framework\component\movingcomponent.h(55): error C2143: syntax error: missing ';' before '*'
d:\githubproject\game\aladdingame\aladdingame\framework\component\movingcomponent.h(55): error C4430: missing type specifier - int assumed. Note: C++ does not support default-int
d:\githubproject\game\aladdingame\aladdingame\framework\component\movingcomponent.h(55): error C2238: unexpected token(s) preceding ';'
d:\githubproject\game\aladdingame\aladdingame\framework\component\animationcomponent.h(40): error C2535: 'void AnimationComponent::setOpacity(float)': member function already defined or declared
  d:\githubproject\game\aladdingame\aladdingame\framework\component\animationcomponent.h(18): note: see declaration of 'AnimationComponent::setOpacity'
d:\githubproject\game\aladdingame\aladdingame\framework\component\animationcomponent.h(41): error C2535: 'float AnimationComponent::getOpacity(void)': member function already defined or declared
  d:\githubproject\game\aladdingame\aladdingame\framework\component\animationcomponent.h(19): note: see declaration of 'AnimationComponent::getOpacity'
d:\githubproject\game\aladdingame\aladdingame\framework\singleton\gamecontroller.h(20): warning C4467: usage of ATL attributes is deprecated
d:\githubproject\game\aladdingame\aladdingame\framework\component\behaviorcomponent.cpp(48): error C2143: syntax error: missing ';' before '}'
  AnimationComponent.cpp
  c:\program files (x86)\microsoft directx sdk (june 2010)\include\dinput.h: DIRECTINPUT_VERSION undefined. Defaulting to version 0x0800
d:\githubproject\game\aladdingame\aladdingame\framework\define.h(70): error C2365: 'LEFT': redefinition; previous definition was 'enumerator'
  d:\githubproject\game\aladdingame\aladdingame\framework\define.h(40): note: see declaration of 'LEFT'
d:\githubproject\game\aladdingame\aladdingame\framework\define.h(71): error C2365: 'RIGHT': redefinition; previous definition was 'enumerator'
  d:\githubproject\game\aladdingame\aladdingame\framework\define.h(41): note: see declaration of 'RIGHT'
d:\githubproject\game\aladdingame\aladdingame\framework\define.h(83): error C2365: 'NONE': redefinition; previous definition was 'enumerator'
  d:\githubproject\game\aladdingame\aladdingame\framework\define.h(67): note: see declaration of 'NONE'
d:\githubproject\game\aladdingame\aladdingame\framework\define.h(84): error C2365: 'SWORD': redefinition; previous definition was 'enumerator'
  d:\githubproject\game\aladdingame\aladdingame\framework\define.h(53): note: see declaration of 'SWORD'
d:\githubproject\game\aladdingame\aladdingame\framework\component\movingcomponent.h(22): error C2061: syntax error: identifier 'PhysicsComponent'
d:\githubproject\game\aladdingame\aladdingame\framework\component\movingcomponent.h(33): error C2143: syntax error: missing ';' before '*'
d:\githubproject\game\aladdingame\aladdingame\framework\component\movingcomponent.h(33): error C4430: missing type specifier - int assumed. Note: C++ does not support default-int
d:\githubproject\game\aladdingame\aladdingame\framework\component\movingcomponent.h(33): error C2238: unexpected token(s) preceding ';'
d:\githubproject\game\aladdingame\aladdingame\framework\component\movingcomponent.h(55): error C2143: syntax error: missing ';' before '*'
d:\githubproject\game\aladdingame\aladdingame\framework\component\movingcomponent.h(55): error C4430: missing type specifier - int assumed. Note: C++ does not support default-int
d:\githubproject\game\aladdingame\aladdingame\framework\component\movingcomponent.h(55): error C2238: unexpected token(s) preceding ';'
d:\githubproject\game\aladdingame\aladdingame\framework\component\animationcomponent.h(40): error C2535: 'void AnimationComponent::setOpacity(float)': member function already defined or declared
  d:\githubproject\game\aladdingame\aladdingame\framework\component\animationcomponent.h(18): note: see declaration of 'AnimationComponent::setOpacity'
d:\githubproject\game\aladdingame\aladdingame\framework\component\animationcomponent.h(41): error C2535: 'float AnimationComponent::getOpacity(void)': member function already defined or declared
  d:\githubproject\game\aladdingame\aladdingame\framework\component\animationcomponent.h(19): note: see declaration of 'AnimationComponent::getOpacity'
  CollisionBody.cpp
  c:\program files (x86)\microsoft directx sdk (june 2010)\include\dinput.h: DIRECTINPUT_VERSION undefined. Defaulting to version 0x0800
d:\githubproject\game\aladdingame\aladdingame\framework\define.h(70): error C2365: 'LEFT': redefinition; previous definition was 'enumerator'
  d:\githubproject\game\aladdingame\aladdingame\framework\define.h(40): note: see declaration of 'LEFT'
d:\githubproject\game\aladdingame\aladdingame\framework\define.h(71): error C2365: 'RIGHT': redefinition; previous definition was 'enumerator'
  d:\githubproject\game\aladdingame\aladdingame\framework\define.h(41): note: see declaration of 'RIGHT'
d:\githubproject\game\aladdingame\aladdingame\framework\define.h(83): error C2365: 'NONE': redefinition; previous definition was 'enumerator'
  d:\githubproject\game\aladdingame\aladdingame\framework\define.h(67): note: see declaration of 'NONE'
d:\githubproject\game\aladdingame\aladdingame\framework\define.h(84): error C2365: 'SWORD': redefinition; previous definition was 'enumerator'
  d:\githubproject\game\aladdingame\aladdingame\framework\define.h(53): note: see declaration of 'SWORD'
d:\githubproject\game\aladdingame\aladdingame\framework\component\movingcomponent.h(22): error C2061: syntax error: identifier 'PhysicsComponent'
d:\githubproject\game\aladdingame\aladdingame\framework\component\movingcomponent.h(33): error C2143: syntax error: missing ';' before '*'
d:\githubproject\game\aladdingame\aladdingame\framework\component\movingcomponent.h(33): error C4430: missing type specifier - int assumed. Note: C++ does not support default-int
d:\githubproject\game\aladdingame\aladdingame\framework\component\movingcomponent.h(33): error C2238: unexpected token(s) preceding ';'
d:\githubproject\game\aladdingame\aladdingame\framework\component\movingcomponent.h(55): error C2143: syntax error: missing ';' before '*'
d:\githubproject\game\aladdingame\aladdingame\framework\component\movingcomponent.h(55): error C4430: missing type specifier - int assumed. Note: C++ does not support default-int
d:\githubproject\game\aladdingame\aladdingame\framework\component\movingcomponent.h(55): error C2238: unexpected token(s) preceding ';'
d:\githubproject\game\aladdingame\aladdingame\framework\component\animationcomponent.h(40): error C2535: 'void AnimationComponent::setOpacity(float)': member function already defined or declared
  d:\githubproject\game\aladdingame\aladdingame\framework\component\animationcomponent.h(18): note: see declaration of 'AnimationComponent::setOpacity'
d:\githubproject\game\aladdingame\aladdingame\framework\component\animationcomponent.h(41): error C2535: 'float AnimationComponent::getOpacity(void)': member function already defined or declared
  d:\githubproject\game\aladdingame\aladdingame\framework\component\animationcomponent.h(19): note: see declaration of 'AnimationComponent::getOpacity'
d:\githubproject\game\aladdingame\aladdingame\framework\singleton\gamecontroller.h(20): warning C4467: usage of ATL attributes is deprecated
d:\githubproject\game\aladdingame\aladdingame\framework\collisionbody.h(11): error C2504: 'IElement': base class undefined
d:\githubproject\game\aladdingame\aladdingame\framework\collisionbody.cpp(9): error C2039: 'getBounding': is not a member of 'GameObject'
  d:\githubproject\game\aladdingame\aladdingame\framework\gameobject.h(15): note: see declaration of 'GameObject'
d:\githubproject\game\aladdingame\aladdingame\framework\collisionbody.cpp(9): error C2228: left of '.left' must have class/struct/union
d:\githubproject\game\aladdingame\aladdingame\framework\collisionbody.cpp(9): error C2228: left of '.right' must have class/struct/union
d:\githubproject\game\aladdingame\aladdingame\framework\collisionbody.cpp(10): error C2039: 'getBounding': is not a member of 'GameObject'
  d:\githubproject\game\aladdingame\aladdingame\framework\gameobject.h(15): note: see declaration of 'GameObject'
d:\githubproject\game\aladdingame\aladdingame\framework\collisionbody.cpp(10): error C2228: left of '.top' must have class/struct/union
d:\githubproject\game\aladdingame\aladdingame\framework\collisionbody.cpp(10): error C2228: left of '.bottom' must have class/struct/union
d:\githubproject\game\aladdingame\aladdingame\framework\collisionbody.cpp(31): error C2039: 'getPhysicsBodySide': is not a member of 'GameObject'
  d:\githubproject\game\aladdingame\aladdingame\framework\gameobject.h(15): note: see declaration of 'GameObject'
d:\githubproject\game\aladdingame\aladdingame\framework\collisionbody.cpp(43): error C2039: 'getBounding': is not a member of 'GameObject'
  d:\githubproject\game\aladdingame\aladdingame\framework\gameobject.h(15): note: see declaration of 'GameObject'
d:\githubproject\game\aladdingame\aladdingame\framework\collisionbody.cpp(57): error C2039: 'getPhysicsBodySide': is not a member of 'GameObject'
  d:\githubproject\game\aladdingame\aladdingame\framework\gameobject.h(15): note: see declaration of 'GameObject'
d:\githubproject\game\aladdingame\aladdingame\framework\collisionbody.cpp(79): error C2039: 'getPhysicsBodySide': is not a member of 'GameObject'
  d:\githubproject\game\aladdingame\aladdingame\framework\gameobject.h(15): note: see declaration of 'GameObject'
d:\githubproject\game\aladdingame\aladdingame\framework\collisionbody.cpp(95): error C2039: 'getPhysicsBodySide': is not a member of 'GameObject'
  d:\githubproject\game\aladdingame\aladdingame\framework\gameobject.h(15): note: see declaration of 'GameObject'
d:\githubproject\game\aladdingame\aladdingame\framework\collisionbody.cpp(113): error C2039: 'getBounding': is not a member of 'GameObject'
  d:\githubproject\game\aladdingame\aladdingame\framework\gameobject.h(15): note: see declaration of 'GameObject'
d:\githubproject\game\aladdingame\aladdingame\framework\collisionbody.cpp(114): error C2039: 'getBounding': is not a member of 'GameObject'
  d:\githubproject\game\aladdingame\aladdingame\framework\gameobject.h(15): note: see declaration of 'GameObject'
d:\githubproject\game\aladdingame\aladdingame\framework\collisionbody.cpp(126): error C2039: 'getVelocity': is not a member of 'GameObject'
  d:\githubproject\game\aladdingame\aladdingame\framework\gameobject.h(15): note: see declaration of 'GameObject'
d:\githubproject\game\aladdingame\aladdingame\framework\collisionbody.cpp(126): error C2228: left of '.x' must have class/struct/union
d:\githubproject\game\aladdingame\aladdingame\framework\collisionbody.cpp(126): error C2228: left of '.y' must have class/struct/union
d:\githubproject\game\aladdingame\aladdingame\framework\collisionbody.cpp(127): error C2039: 'getVelocity': is not a member of 'GameObject'
  d:\githubproject\game\aladdingame\aladdingame\framework\gameobject.h(15): note: see declaration of 'GameObject'
d:\githubproject\game\aladdingame\aladdingame\framework\collisionbody.cpp(127): error C2228: left of '.x' must have class/struct/union
d:\githubproject\game\aladdingame\aladdingame\framework\collisionbody.cpp(127): error C2228: left of '.y' must have class/struct/union
d:\githubproject\game\aladdingame\aladdingame\framework\collisionbody.cpp(139): warning C4244: '=': conversion from 'LONG' to 'float', possible loss of data
d:\githubproject\game\aladdingame\aladdingame\framework\collisionbody.cpp(140): warning C4244: '=': conversion from 'LONG' to 'float', possible loss of data
d:\githubproject\game\aladdingame\aladdingame\framework\collisionbody.cpp(144): warning C4244: '=': conversion from 'LONG' to 'float', possible loss of data
d:\githubproject\game\aladdingame\aladdingame\framework\collisionbody.cpp(145): warning C4244: '=': conversion from 'LONG' to 'float', possible loss of data
d:\githubproject\game\aladdingame\aladdingame\framework\collisionbody.cpp(151): warning C4244: '=': conversion from 'LONG' to 'float', possible loss of data
d:\githubproject\game\aladdingame\aladdingame\framework\collisionbody.cpp(152): warning C4244: '=': conversion from 'LONG' to 'float', possible loss of data
d:\githubproject\game\aladdingame\aladdingame\framework\collisionbody.cpp(156): warning C4244: '=': conversion from 'LONG' to 'float', possible loss of data
d:\githubproject\game\aladdingame\aladdingame\framework\collisionbody.cpp(157): warning C4244: '=': conversion from 'LONG' to 'float', possible loss of data
d:\githubproject\game\aladdingame\aladdingame\framework\collisionbody.cpp(237): error C2039: 'getBounding': is not a member of 'GameObject'
  d:\githubproject\game\aladdingame\aladdingame\framework\gameobject.h(15): note: see declaration of 'GameObject'
d:\githubproject\game\aladdingame\aladdingame\framework\collisionbody.cpp(238): error C2039: 'getBounding': is not a member of 'GameObject'
  d:\githubproject\game\aladdingame\aladdingame\framework\gameobject.h(15): note: see declaration of 'GameObject'
d:\githubproject\game\aladdingame\aladdingame\framework\collisionbody.cpp(240): error C3536: 'otherRect': cannot be used before it is initialized
d:\githubproject\game\aladdingame\aladdingame\framework\collisionbody.cpp(240): error C2228: left of '.left' must have class/struct/union
  d:\githubproject\game\aladdingame\aladdingame\framework\collisionbody.cpp(240): note: type is 'int'
d:\githubproject\game\aladdingame\aladdingame\framework\collisionbody.cpp(240): error C3536: 'myRect': cannot be used before it is initialized
d:\githubproject\game\aladdingame\aladdingame\framework\collisionbody.cpp(240): error C2228: left of '.right' must have class/struct/union
  d:\githubproject\game\aladdingame\aladdingame\framework\collisionbody.cpp(240): note: type is 'int'
d:\githubproject\game\aladdingame\aladdingame\framework\collisionbody.cpp(241): error C2228: left of '.top' must have class/struct/union
  d:\githubproject\game\aladdingame\aladdingame\framework\collisionbody.cpp(241): note: type is 'int'
d:\githubproject\game\aladdingame\aladdingame\framework\collisionbody.cpp(241): error C2228: left of '.bottom' must have class/struct/union
  d:\githubproject\game\aladdingame\aladdingame\framework\collisionbody.cpp(241): note: type is 'int'
d:\githubproject\game\aladdingame\aladdingame\framework\collisionbody.cpp(242): error C2228: left of '.right' must have class/struct/union
  d:\githubproject\game\aladdingame\aladdingame\framework\collisionbody.cpp(242): note: type is 'int'
d:\githubproject\game\aladdingame\aladdingame\framework\collisionbody.cpp(242): error C2228: left of '.left' must have class/struct/union
  d:\githubproject\game\aladdingame\aladdingame\framework\collisionbody.cpp(242): note: type is 'int'
d:\githubproject\game\aladdingame\aladdingame\framework\collisionbody.cpp(243): error C2228: left of '.bottom' must have class/struct/union
  d:\githubproject\game\aladdingame\aladdingame\framework\collisionbody.cpp(243): note: type is 'int'
d:\githubproject\game\aladdingame\aladdingame\framework\collisionbody.cpp(243): error C2228: left of '.top' must have class/struct/union
  d:\githubproject\game\aladdingame\aladdingame\framework\collisionbody.cpp(243): note: type is 'int'
d:\githubproject\game\aladdingame\aladdingame\framework\collisionbody.cpp(270): error C2039: 'getPhysicsBodySide': is not a member of 'GameObject'
  d:\githubproject\game\aladdingame\aladdingame\framework\gameobject.h(15): note: see declaration of 'GameObject'
d:\githubproject\game\aladdingame\aladdingame\framework\collisionbody.cpp(272): error C2039: 'getVelocity': is not a member of 'GameObject'
  d:\githubproject\game\aladdingame\aladdingame\framework\gameobject.h(15): note: see declaration of 'GameObject'
d:\githubproject\game\aladdingame\aladdingame\framework\collisionbody.cpp(273): error C2039: 'getPosition': is not a member of 'GameObject'
  d:\githubproject\game\aladdingame\aladdingame\framework\gameobject.h(15): note: see declaration of 'GameObject'
d:\githubproject\game\aladdingame\aladdingame\framework\collisionbody.cpp(278): error C3536: 'pos': cannot be used before it is initialized
d:\githubproject\game\aladdingame\aladdingame\framework\collisionbody.cpp(278): error C2228: left of '.x' must have class/struct/union
  d:\githubproject\game\aladdingame\aladdingame\framework\collisionbody.cpp(278): note: type is 'int'
d:\githubproject\game\aladdingame\aladdingame\framework\collisionbody.cpp(284): error C2228: left of '.y' must have class/struct/union
  d:\githubproject\game\aladdingame\aladdingame\framework\collisionbody.cpp(284): note: type is 'int'
d:\githubproject\game\aladdingame\aladdingame\framework\collisionbody.cpp(286): error C2039: 'setPosition': is not a member of 'GameObject'
  d:\githubproject\game\aladdingame\aladdingame\framework\gameobject.h(15): note: see declaration of 'GameObject'
d:\githubproject\game\aladdingame\aladdingame\framework\collisionbody.cpp(291): error C2039: 'getPhysicsBodySide': is not a member of 'GameObject'
  d:\githubproject\game\aladdingame\aladdingame\framework\gameobject.h(15): note: see declaration of 'GameObject'
d:\githubproject\game\aladdingame\aladdingame\framework\collisionbody.cpp(291): error C2039: 'getVelocity': is not a member of 'GameObject'
  d:\githubproject\game\aladdingame\aladdingame\framework\gameobject.h(15): note: see declaration of 'GameObject'
d:\githubproject\game\aladdingame\aladdingame\framework\collisionbody.cpp(291): error C2228: left of '.y' must have class/struct/union
d:\githubproject\game\aladdingame\aladdingame\framework\collisionbody.cpp(293): error C2039: 'setPositionY': is not a member of 'GameObject'
  d:\githubproject\game\aladdingame\aladdingame\framework\gameobject.h(15): note: see declaration of 'GameObject'
d:\githubproject\game\aladdingame\aladdingame\framework\collisionbody.cpp(293): error C2039: 'getPositionY': is not a member of 'GameObject'
  d:\githubproject\game\aladdingame\aladdingame\framework\gameobject.h(15): note: see declaration of 'GameObject'
d:\githubproject\game\aladdingame\aladdingame\framework\collisionbody.cpp(295): error C2039: 'getPhysicsBodySide': is not a member of 'GameObject'
  d:\githubproject\game\aladdingame\aladdingame\framework\gameobject.h(15): note: see declaration of 'GameObject'
d:\githubproject\game\aladdingame\aladdingame\framework\collisionbody.cpp(295): error C2039: 'getVelocity': is not a member of 'GameObject'
  d:\githubproject\game\aladdingame\aladdingame\framework\gameobject.h(15): note: see declaration of 'GameObject'
d:\githubproject\game\aladdingame\aladdingame\framework\collisionbody.cpp(295): error C2228: left of '.y' must have class/struct/union
d:\githubproject\game\aladdingame\aladdingame\framework\collisionbody.cpp(297): error C2039: 'setPositionY': is not a member of 'GameObject'
  d:\githubproject\game\aladdingame\aladdingame\framework\gameobject.h(15): note: see declaration of 'GameObject'
d:\githubproject\game\aladdingame\aladdingame\framework\collisionbody.cpp(297): error C2039: 'getPositionY': is not a member of 'GameObject'
  d:\githubproject\game\aladdingame\aladdingame\framework\gameobject.h(15): note: see declaration of 'GameObject'
d:\githubproject\game\aladdingame\aladdingame\framework\collisionbody.cpp(300): error C2039: 'getPhysicsBodySide': is not a member of 'GameObject'
  d:\githubproject\game\aladdingame\aladdingame\framework\gameobject.h(15): note: see declaration of 'GameObject'
d:\githubproject\game\aladdingame\aladdingame\framework\collisionbody.cpp(300): error C2039: 'getVelocity': is not a member of 'GameObject'
  d:\githubproject\game\aladdingame\aladdingame\framework\gameobject.h(15): note: see declaration of 'GameObject'
d:\githubproject\game\aladdingame\aladdingame\framework\collisionbody.cpp(300): error C2228: left of '.x' must have class/struct/union
d:\githubproject\game\aladdingame\aladdingame\framework\collisionbody.cpp(302): error C2039: 'setPositionX': is not a member of 'GameObject'
  d:\githubproject\game\aladdingame\aladdingame\framework\gameobject.h(15): note: see declaration of 'GameObject'
d:\githubproject\game\aladdingame\aladdingame\framework\collisionbody.cpp(302): error C2039: 'getPositionX': is not a member of 'GameObject'
  d:\githubproject\game\aladdingame\aladdingame\framework\gameobject.h(15): note: see declaration of 'GameObject'
d:\githubproject\game\aladdingame\aladdingame\framework\collisionbody.cpp(304): error C2039: 'getPhysicsBodySide': is not a member of 'GameObject'
  d:\githubproject\game\aladdingame\aladdingame\framework\gameobject.h(15): note: see declaration of 'GameObject'
d:\githubproject\game\aladdingame\aladdingame\framework\collisionbody.cpp(304): error C2039: 'getVelocity': is not a member of 'GameObject'
  d:\githubproject\game\aladdingame\aladdingame\framework\gameobject.h(15): note: see declaration of 'GameObject'
d:\githubproject\game\aladdingame\aladdingame\framework\collisionbody.cpp(304): error C2228: left of '.x' must have class/struct/union
d:\githubproject\game\aladdingame\aladdingame\framework\collisionbody.cpp(306): error C2039: 'setPositionX': is not a member of 'GameObject'
  d:\githubproject\game\aladdingame\aladdingame\framework\gameobject.h(15): note: see declaration of 'GameObject'
d:\githubproject\game\aladdingame\aladdingame\framework\collisionbody.cpp(306): error C2039: 'getPositionX': is not a member of 'GameObject'
  d:\githubproject\game\aladdingame\aladdingame\framework\gameobject.h(15): note: see declaration of 'GameObject'
d:\githubproject\game\aladdingame\aladdingame\framework\collisionbody.cpp(313): warning C4244: 'initializing': conversion from 'LONG' to 'float', possible loss of data
d:\githubproject\game\aladdingame\aladdingame\framework\collisionbody.cpp(314): warning C4244: 'initializing': conversion from 'LONG' to 'float', possible loss of data
d:\githubproject\game\aladdingame\aladdingame\framework\collisionbody.cpp(315): warning C4244: 'initializing': conversion from 'LONG' to 'float', possible loss of data
d:\githubproject\game\aladdingame\aladdingame\framework\collisionbody.cpp(316): warning C4244: 'initializing': conversion from 'LONG' to 'float', possible loss of data
d:\githubproject\game\aladdingame\aladdingame\framework\collisionbody.cpp(324): error C2039: 'getVelocity': is not a member of 'GameObject'
  d:\githubproject\game\aladdingame\aladdingame\framework\gameobject.h(15): note: see declaration of 'GameObject'
d:\githubproject\game\aladdingame\aladdingame\framework\collisionbody.cpp(324): error C2228: left of '.x' must have class/struct/union
d:\githubproject\game\aladdingame\aladdingame\framework\collisionbody.cpp(324): error C2228: left of '.y' must have class/struct/union
d:\githubproject\game\aladdingame\aladdingame\framework\collisionbody.cpp(325): error C2039: 'getBounding': is not a member of 'GameObject'
  d:\githubproject\game\aladdingame\aladdingame\framework\gameobject.h(15): note: see declaration of 'GameObject'
d:\githubproject\game\aladdingame\aladdingame\framework\collisionbody.cpp(328): error C3536: 'myRect': cannot be used before it is initialized
d:\githubproject\game\aladdingame\aladdingame\framework\collisionbody.cpp(328): error C2228: left of '.top' must have class/struct/union
  d:\githubproject\game\aladdingame\aladdingame\framework\collisionbody.cpp(328): note: type is 'int'
d:\githubproject\game\aladdingame\aladdingame\framework\collisionbody.cpp(329): error C2228: left of '.bottom' must have class/struct/union
  d:\githubproject\game\aladdingame\aladdingame\framework\collisionbody.cpp(329): note: type is 'int'
d:\githubproject\game\aladdingame\aladdingame\framework\collisionbody.cpp(330): error C2228: left of '.left' must have class/struct/union
  d:\githubproject\game\aladdingame\aladdingame\framework\collisionbody.cpp(330): note: type is 'int'
d:\githubproject\game\aladdingame\aladdingame\framework\collisionbody.cpp(331): error C2228: left of '.right' must have class/struct/union
  d:\githubproject\game\aladdingame\aladdingame\framework\collisionbody.cpp(331): note: type is 'int'
d:\githubproject\game\aladdingame\aladdingame\framework\collisionbody.cpp(338): error C2039: 'getBounding': is not a member of 'GameObject'
  d:\githubproject\game\aladdingame\aladdingame\framework\gameobject.h(15): note: see declaration of 'GameObject'
d:\githubproject\game\aladdingame\aladdingame\framework\collisionbody.cpp(339): error C2039: 'getBounding': is not a member of 'GameObject'
  d:\githubproject\game\aladdingame\aladdingame\framework\gameobject.h(15): note: see declaration of 'GameObject'
d:\githubproject\game\aladdingame\aladdingame\framework\collisionbody.cpp(341): error C3536: 'otherRect': cannot be used before it is initialized
d:\githubproject\game\aladdingame\aladdingame\framework\collisionbody.cpp(341): error C2228: left of '.left' must have class/struct/union
  d:\githubproject\game\aladdingame\aladdingame\framework\collisionbody.cpp(341): note: type is 'int'
d:\githubproject\game\aladdingame\aladdingame\framework\collisionbody.cpp(341): error C3536: 'myRect': cannot be used before it is initialized
d:\githubproject\game\aladdingame\aladdingame\framework\collisionbody.cpp(341): error C2228: left of '.right' must have class/struct/union
  d:\githubproject\game\aladdingame\aladdingame\framework\collisionbody.cpp(341): note: type is 'int'
d:\githubproject\game\aladdingame\aladdingame\framework\collisionbody.cpp(342): error C2228: left of '.top' must have class/struct/union
  d:\githubproject\game\aladdingame\aladdingame\framework\collisionbody.cpp(342): note: type is 'int'
d:\githubproject\game\aladdingame\aladdingame\framework\collisionbody.cpp(342): error C2228: left of '.bottom' must have class/struct/union
  d:\githubproject\game\aladdingame\aladdingame\framework\collisionbody.cpp(342): note: type is 'int'
d:\githubproject\game\aladdingame\aladdingame\framework\collisionbody.cpp(343): error C2228: left of '.right' must have class/struct/union
  d:\githubproject\game\aladdingame\aladdingame\framework\collisionbody.cpp(343): note: type is 'int'
d:\githubproject\game\aladdingame\aladdingame\framework\collisionbody.cpp(343): error C2228: left of '.left' must have class/struct/union
  d:\githubproject\game\aladdingame\aladdingame\framework\collisionbody.cpp(343): note: type is 'int'
d:\githubproject\game\aladdingame\aladdingame\framework\collisionbody.cpp(344): error C2228: left of '.bottom' must have class/struct/union
  d:\githubproject\game\aladdingame\aladdingame\framework\collisionbody.cpp(344): note: type is 'int'
d:\githubproject\game\aladdingame\aladdingame\framework\collisionbody.cpp(344): error C2228: left of '.top' must have class/struct/union
  d:\githubproject\game\aladdingame\aladdingame\framework\collisionbody.cpp(344): note: type is 'int'
d:\githubproject\game\aladdingame\aladdingame\framework\collisionbody.cpp(393): error C2039: 'getBounding': is not a member of 'GameObject'
  d:\githubproject\game\aladdingame\aladdingame\framework\gameobject.h(15): note: see declaration of 'GameObject'
d:\githubproject\game\aladdingame\aladdingame\framework\collisionbody.cpp(393): error C2228: left of '.top' must have class/struct/union
d:\githubproject\game\aladdingame\aladdingame\framework\collisionbody.cpp(394): error C2039: 'getBounding': is not a member of 'GameObject'
  d:\githubproject\game\aladdingame\aladdingame\framework\gameobject.h(15): note: see declaration of 'GameObject'
d:\githubproject\game\aladdingame\aladdingame\framework\collisionbody.cpp(394): error C2228: left of '.left' must have class/struct/union
  animation.cpp
  c:\program files (x86)\microsoft directx sdk (june 2010)\include\dinput.h: DIRECTINPUT_VERSION undefined. Defaulting to version 0x0800
d:\githubproject\game\aladdingame\aladdingame\framework\define.h(70): error C2365: 'LEFT': redefinition; previous definition was 'enumerator'
  d:\githubproject\game\aladdingame\aladdingame\framework\define.h(40): note: see declaration of 'LEFT'
d:\githubproject\game\aladdingame\aladdingame\framework\define.h(71): error C2365: 'RIGHT': redefinition; previous definition was 'enumerator'
  d:\githubproject\game\aladdingame\aladdingame\framework\define.h(41): note: see declaration of 'RIGHT'
d:\githubproject\game\aladdingame\aladdingame\framework\define.h(83): error C2365: 'NONE': redefinition; previous definition was 'enumerator'
  d:\githubproject\game\aladdingame\aladdingame\framework\define.h(67): note: see declaration of 'NONE'
d:\githubproject\game\aladdingame\aladdingame\framework\define.h(84): error C2365: 'SWORD': redefinition; previous definition was 'enumerator'
  d:\githubproject\game\aladdingame\aladdingame\framework\define.h(53): note: see declaration of 'SWORD'
d:\githubproject\game\aladdingame\aladdingame\framework\component\physicscomponent.h(27): error C2061: syntax error: identifier 'MovingComponent'
d:\githubproject\game\aladdingame\aladdingame\framework\component\physicscomponent.h(28): error C2061: syntax error: identifier 'MovingComponent'
d:\githubproject\game\aladdingame\aladdingame\framework\component\physicscomponent.h(29): error C2143: syntax error: missing ';' before '*'
d:\githubproject\game\aladdingame\aladdingame\framework\component\physicscomponent.h(29): error C2433: 'PhysicsComponent::MovingComponent': 'virtual' not permitted on data declarations
d:\githubproject\game\aladdingame\aladdingame\framework\component\physicscomponent.h(29): error C4430: missing type specifier - int assumed. Note: C++ does not support default-int
d:\githubproject\game\aladdingame\aladdingame\framework\component\physicscomponent.h(29): error C2238: unexpected token(s) preceding ';'
d:\githubproject\game\aladdingame\aladdingame\framework\component\physicscomponent.h(44): error C2065: 'MovingComponent': undeclared identifier
d:\githubproject\game\aladdingame\aladdingame\framework\component\physicscomponent.h(44): error C2059: syntax error: '>'
d:\githubproject\game\aladdingame\aladdingame\framework\component\physicscomponent.h(44): error C2976: 'std::map': too few template arguments
  c:\program files (x86)\microsoft visual studio 14.0\vc\include\map(72): note: see declaration of 'std::map'
d:\githubproject\game\aladdingame\aladdingame\framework\animation.cpp(46): warning C4244: 'argument': conversion from 'int' to 'float', possible loss of data
d:\githubproject\game\aladdingame\aladdingame\framework\animation.cpp(199): warning C4244: '=': conversion from 'float' to 'LONG', possible loss of data
d:\githubproject\game\aladdingame\aladdingame\framework\animation.cpp(200): warning C4244: '=': conversion from 'float' to 'LONG', possible loss of data
d:\githubproject\game\aladdingame\aladdingame\framework\animation.cpp(201): warning C4244: '=': conversion from 'float' to 'LONG', possible loss of data
d:\githubproject\game\aladdingame\aladdingame\framework\animation.cpp(202): warning C4244: '=': conversion from 'float' to 'LONG', possible loss of data
d:\githubproject\game\aladdingame\aladdingame\framework\animation.cpp(210): warning C4244: '=': conversion from 'float' to 'LONG', possible loss of data
d:\githubproject\game\aladdingame\aladdingame\framework\animation.cpp(211): warning C4244: '=': conversion from 'float' to 'LONG', possible loss of data
d:\githubproject\game\aladdingame\aladdingame\framework\animation.cpp(212): warning C4244: '=': conversion from 'float' to 'LONG', possible loss of data
d:\githubproject\game\aladdingame\aladdingame\framework\animation.cpp(213): warning C4244: '=': conversion from 'float' to 'LONG', possible loss of data
  dxaudio.cpp
  Generating Code...
